0 info it worked if it ends with ok
1 verbose cli [ '/usr/local/Cellar/node/5.9.0/bin/node',
1 verbose cli   '/Users/mariusz/.npm-packages/bin/npm',
1 verbose cli   'run',
1 verbose cli   'lite-server' ]
2 info using npm@3.8.1
3 info using node@v5.9.0
4 verbose stack Error: missing script: lite-server
4 verbose stack     at run (/Users/mariusz/.npm-packages/lib/node_modules/npm/lib/run-script.js:147:19)
4 verbose stack     at /Users/mariusz/.npm-packages/lib/node_modules/npm/lib/run-script.js:57:5
4 verbose stack     at /Users/mariusz/.npm-packages/lib/node_modules/npm/node_modules/read-package-json/read-json.js:345:5
4 verbose stack     at checkBinReferences_ (/Users/mariusz/.npm-packages/lib/node_modules/npm/node_modules/read-package-json/read-json.js:309:45)
4 verbose stack     at final (/Users/mariusz/.npm-packages/lib/node_modules/npm/node_modules/read-package-json/read-json.js:343:3)
4 verbose stack     at then (/Users/mariusz/.npm-packages/lib/node_modules/npm/node_modules/read-package-json/read-json.js:113:5)
4 verbose stack     at ReadFileContext.<anonymous> (/Users/mariusz/.npm-packages/lib/node_modules/npm/node_modules/read-package-json/read-json.js:297:29)
4 verbose stack     at ReadFileContext.callback (/Users/mariusz/.npm-packages/lib/node_modules/npm/node_modules/graceful-fs/graceful-fs.js:78:16)
4 verbose stack     at FSReqWrap.readFileAfterOpen [as oncomplete] (fs.js:324:13)
5 verbose cwd /Users/mariusz/workspace/test
6 error Darwin 15.5.0
7 error argv "/usr/local/Cellar/node/5.9.0/bin/node" "/Users/mariusz/.npm-packages/bin/npm" "run" "lite-server"
8 error node v5.9.0
9 error npm  v3.8.1
10 error missing script: lite-server
11 error If you need help, you may report this error at:
11 error     <https://github.com/npm/npm/issues>
12 verbose exit [ 1, true ]
